ISim log file
Running: C:\Work\Xilinx\StackArchitecture\Stack_test_isim_beh.exe -intstyle ise -gui -tclbatch isim.cmd -wdb C:/Work/Xilinx/StackArchitecture/Stack_test_isim_beh.wdb 
ISim P.20131013 (signature 0x7708f090)
This is a Full version of ISim.
Time resolution is 1 ps
# onerror resume
# wave add /
# run 1000 ns
Simulator is doing circuit initialization process.
at 0 ps, Instance /stack_test/uut/ROM_ports/ : Warning: There is an 'U'|'X'|'W'|'Z'|'-' in an arithmetic operand, the result will be 'X'(es).
at 0 ps, Instance /stack_test/uut/ROM_ports/ : Warning: CONV_INTEGER: There is an 'U'|'X'|'W'|'Z'|'-' in an arithmetic operand, and it has been converted to 0.
Finished circuit initialization process.
at 0 ps, Instance /stack_test/uut/RAM_ports/ : Warning: NUMERIC_STD.TO_INTEGER: metavalue detected, returning 0
ISim P.20131013 (signature 0x7708f090)
This is a Full version of ISim.
# run 1000 ns
Simulator is doing circuit initialization process.
at 0 ps, Instance /stack_test/uut/ROM_ports/ : Warning: There is an 'U'|'X'|'W'|'Z'|'-' in an arithmetic operand, the result will be 'X'(es).
at 0 ps, Instance /stack_test/uut/ROM_ports/ : Warning: CONV_INTEGER: There is an 'U'|'X'|'W'|'Z'|'-' in an arithmetic operand, and it has been converted to 0.
Finished circuit initialization process.
at 0 ps, Instance /stack_test/uut/RAM_ports/ : Warning: NUMERIC_STD.TO_INTEGER: metavalue detected, returning 0
# run all

** Failure:simulation completed...
User(VHDL) Code Called Simulation Stop
In process Stack_test.vhd:tb 
 
INFO: Simulator is stopped.
ISim P.20131013 (signature 0x7708f090)
This is a Full version of ISim.
# run 1000 ns
Simulator is doing circuit initialization process.
at 0 ps, Instance /stack_test/uut/ROM_ports/ : Warning: There is an 'U'|'X'|'W'|'Z'|'-' in an arithmetic operand, the result will be 'X'(es).
at 0 ps, Instance /stack_test/uut/ROM_ports/ : Warning: CONV_INTEGER: There is an 'U'|'X'|'W'|'Z'|'-' in an arithmetic operand, and it has been converted to 0.
Finished circuit initialization process.
at 0 ps, Instance /stack_test/uut/RAM_ports/ : Warning: NUMERIC_STD.TO_INTEGER: metavalue detected, returning 0
# run all

** Failure:simulation completed...
User(VHDL) Code Called Simulation Stop
In process Stack_test.vhd:tb 
 
INFO: Simulator is stopped.
ISim P.20131013 (signature 0x7708f090)
This is a Full version of ISim.
# run 1000 ns
Simulator is doing circuit initialization process.
at 0 ps, Instance /stack_test/uut/ROM_ports/ : Warning: There is an 'U'|'X'|'W'|'Z'|'-' in an arithmetic operand, the result will be 'X'(es).
at 0 ps, Instance /stack_test/uut/ROM_ports/ : Warning: CONV_INTEGER: There is an 'U'|'X'|'W'|'Z'|'-' in an arithmetic operand, and it has been converted to 0.
Finished circuit initialization process.
at 0 ps, Instance /stack_test/uut/RAM_ports/ : Warning: NUMERIC_STD.TO_INTEGER: metavalue detected, returning 0
# run all

** Failure:simulation completed...
User(VHDL) Code Called Simulation Stop
In process Stack_test.vhd:tb 
 
INFO: Simulator is stopped.
